<?xml version="1.0" encoding="UTF-8"?>
<!-- Generated by org.testng.reporters.JUnitXMLReporter -->
<testsuite ignored="0" hostname="DESKTOP-VGIIHMP" failures="0" tests="3" name="Default test" time="0.068" errors="0" timestamp="25 Sep 2021 11:03:29 GMT">
  <testcase classname="Testng.TestngDataprovider" name="userDetails" time="0.02"/>
  <testcase classname="Testng.TestngDataprovider" name="userDetails" time="0.004"/>
  <testcase classname="Testng.TestngDataprovider" name="userDetails" time="0.005"/>
</testsuite> <!-- Default test -->
