<?xml version="1.0" encoding="UTF-8"?>
<testng-results ignored="0" total="3" passed="3" failed="0" skipped="0">
  <reporter-output>
    <line>
      <![CDATA[User1 : 1]]>
    </line>
    <line>
      <![CDATA[User2 : 2]]>
    </line>
    <line>
      <![CDATA[User3 : 3]]>
    </line>
  </reporter-output>
  <suite started-at="2021-09-25T11:03:29Z" name="Default suite" finished-at="2021-09-25T11:03:29Z" duration-ms="68">
    <groups>
    </groups>
    <test started-at="2021-09-25T11:03:29Z" name="Default test" finished-at="2021-09-25T11:03:29Z" duration-ms="68">
      <class name="Testng.TestngDataprovider">
        <test-method signature="userDetails(java.lang.String, int)[pri:0, instance:Testng.TestngDataprovider@17a7f733]" started-at="2021-09-25T16:33:29Z" name="userDetails" data-provider="getData" finished-at="2021-09-25T16:33:29Z" duration-ms="20" status="PASS">
          <params>
            <param index="0">
              <value>
                <![CDATA[User1]]>
              </value>
            </param>
            <param index="1">
              <value>
                <![CDATA[1]]>
              </value>
            </param>
          </params>
          <reporter-output>
            <line>
              <![CDATA[User1 : 1]]>
            </line>
          </reporter-output>
        </test-method> <!-- userDetails -->
        <test-method signature="userDetails(java.lang.String, int)[pri:0, instance:Testng.TestngDataprovider@17a7f733]" started-at="2021-09-25T16:33:29Z" name="userDetails" data-provider="getData" finished-at="2021-09-25T16:33:29Z" duration-ms="4" status="PASS">
          <params>
            <param index="0">
              <value>
                <![CDATA[User2]]>
              </value>
            </param>
            <param index="1">
              <value>
                <![CDATA[2]]>
              </value>
            </param>
          </params>
          <reporter-output>
            <line>
              <![CDATA[User2 : 2]]>
            </line>
          </reporter-output>
        </test-method> <!-- userDetails -->
        <test-method signature="userDetails(java.lang.String, int)[pri:0, instance:Testng.TestngDataprovider@17a7f733]" started-at="2021-09-25T16:33:29Z" name="userDetails" data-provider="getData" finished-at="2021-09-25T16:33:29Z" duration-ms="5" status="PASS">
          <params>
            <param index="0">
              <value>
                <![CDATA[User3]]>
              </value>
            </param>
            <param index="1">
              <value>
                <![CDATA[3]]>
              </value>
            </param>
          </params>
          <reporter-output>
            <line>
              <![CDATA[User3 : 3]]>
            </line>
          </reporter-output>
        </test-method> <!-- userDetails -->
      </class> <!-- Testng.TestngDataprovider -->
    </test> <!-- Default test -->
  </suite> <!-- Default suite -->
</testng-results>
